# callgrind format
version: 1
creator: pprofile
event: usphit :microseconds/hit
events: hits microseconds usphit
cmd: ./binary_search_2.py
fl=./binary_search_2.py
fn=<module>:1
1 2 20 10
22 1 13 13
cfl=./binary_search_2.py
cfn=binary_search:1
calls=1 1
22 1 86 86
29 1 10 10
cfl=./binary_search_2.py
cfn=binary_search:1
calls=1 1
29 1 16 16
34 1 21 21
cfl=./binary_search_2.py
cfn=binary_search:1
calls=1 1
34 1 85 85
42 1 24 24
cfl=./binary_search_2.py
cfn=binary_search:1
calls=1 1
42 1 88 88
50 1 26 26
cfl=./binary_search_2.py
cfn=binary_search:1
calls=1 1
50 1 137 137
51 1 5 5
fn=binary_search:1
1 5 9 1
5 5 23 4
6 5 12 2
7 5 11 2
9 17 34 2
10 16 30 1
12 16 30 1
13 4 7 1
14 12 22 1
15 3 37 12
16 3 10 3
17 12 21 1
18 9 132 14
19 9 29 3
20 1 1 1
